Determining if the pthread_create exist failed with the following output:
Change Dir: /home/henry_pan/ws_psl/slam_research_club/project/src/hello_cv_6_add_catkin/build/catkin_tools_prebuild/CMakeFiles/CMakeTmp

Run Build Command:"/usr/bin/make" "cmTC_9bc27/fast"
/usr/bin/make -f CMakeFiles/cmTC_9bc27.dir/build.make CMakeFiles/cmTC_9bc27.dir/build
make[1]: Entering directory '/home/henry_pan/ws_psl/slam_research_club/project/src/hello_cv_6_add_catkin/build/catkin_tools_prebuild/CMakeFiles/CMakeTmp'
Building C object CMakeFiles/cmTC_9bc27.dir/CheckSymbolExists.c.o
/usr/bin/cc     -o CMakeFiles/cmTC_9bc27.dir/CheckSymbolExists.c.o   -c /home/henry_pan/ws_psl/slam_research_club/project/src/hello_cv_6_add_catkin/build/catkin_tools_prebuild/CMakeFiles/CMakeTmp/CheckSymbolExists.c
Linking C executable cmTC_9bc27
/usr/bin/cmake -E cmake_link_script CMakeFiles/cmTC_9bc27.dir/link.txt --verbose=1
/usr/bin/cc       CMakeFiles/cmTC_9bc27.dir/CheckSymbolExists.c.o  -o cmTC_9bc27 -rdynamic 
CMakeFiles/cmTC_9bc27.dir/CheckSymbolExists.c.o: In function `main':
CheckSymbolExists.c:(.text+0x16): undefined reference to `pthread_create'
collect2: error: ld returned 1 exit status
CMakeFiles/cmTC_9bc27.dir/build.make:97: recipe for target 'cmTC_9bc27' failed
make[1]: *** [cmTC_9bc27] Error 1
make[1]: Leaving directory '/home/henry_pan/ws_psl/slam_research_club/project/src/hello_cv_6_add_catkin/build/catkin_tools_prebuild/CMakeFiles/CMakeTmp'
Makefile:126: recipe for target 'cmTC_9bc27/fast' failed
make: *** [cmTC_9bc27/fast] Error 2

File /home/henry_pan/ws_psl/slam_research_club/project/src/hello_cv_6_add_catkin/build/catkin_tools_prebuild/CMakeFiles/CMakeTmp/CheckSymbolExists.c:
/* */
#include <pthread.h>

int main(int argc, char** argv)
{
  (void)argv;
#ifndef pthread_create
  return ((int*)(&pthread_create))[argc];
#else
  (void)argc;
  return 0;
#endif
}

Determining if the function pthread_create exists in the pthreads failed with the following output:
Change Dir: /home/henry_pan/ws_psl/slam_research_club/project/src/hello_cv_6_add_catkin/build/catkin_tools_prebuild/CMakeFiles/CMakeTmp

Run Build Command:"/usr/bin/make" "cmTC_6e514/fast"
/usr/bin/make -f CMakeFiles/cmTC_6e514.dir/build.make CMakeFiles/cmTC_6e514.dir/build
make[1]: Entering directory '/home/henry_pan/ws_psl/slam_research_club/project/src/hello_cv_6_add_catkin/build/catkin_tools_prebuild/CMakeFiles/CMakeTmp'
Building C object CMakeFiles/cmTC_6e514.dir/CheckFunctionExists.c.o
/usr/bin/cc    -DCHECK_FUNCTION_EXISTS=pthread_create   -o CMakeFiles/cmTC_6e514.dir/CheckFunctionExists.c.o   -c /usr/share/cmake-3.5/Modules/CheckFunctionExists.c
Linking C executable cmTC_6e514
/usr/bin/cmake -E cmake_link_script CMakeFiles/cmTC_6e514.dir/link.txt --verbose=1
/usr/bin/cc   -DCHECK_FUNCTION_EXISTS=pthread_create    CMakeFiles/cmTC_6e514.dir/CheckFunctionExists.c.o  -o cmTC_6e514 -rdynamic -lpthreads 
/usr/bin/ld: cannot find -lpthreads
collect2: error: ld returned 1 exit status
CMakeFiles/cmTC_6e514.dir/build.make:97: recipe for target 'cmTC_6e514' failed
make[1]: *** [cmTC_6e514] Error 1
make[1]: Leaving directory '/home/henry_pan/ws_psl/slam_research_club/project/src/hello_cv_6_add_catkin/build/catkin_tools_prebuild/CMakeFiles/CMakeTmp'
Makefile:126: recipe for target 'cmTC_6e514/fast' failed
make: *** [cmTC_6e514/fast] Error 2


